[2021-10-29 12:36:30.477] [exthost] [info] extension host started
[2021-10-29 12:36:30.576] [exthost] [info] ExtensionService#_doActivateExtension vscode.debug-auto-launch, startup: true, activationEvent: '*'
[2021-10-29 12:36:30.576] [exthost] [info] ExtensionService#loadCommonJSModule file:///usr/lib/code-oss/resources/app/extensions/debug-auto-launch/dist/extension
[2021-10-29 12:36:30.585] [exthost] [info] ExtensionService#_doActivateExtension vscode.git, startup: true, activationEvent: '*', root cause: vscode.github
[2021-10-29 12:36:30.585] [exthost] [info] ExtensionService#loadCommonJSModule file:///usr/lib/code-oss/resources/app/extensions/git/dist/main
[2021-10-29 12:36:30.741] [exthost] [info] ExtensionService#_doActivateExtension vscode.github, startup: true, activationEvent: '*'
[2021-10-29 12:36:30.741] [exthost] [info] ExtensionService#loadCommonJSModule file:///usr/lib/code-oss/resources/app/extensions/github/dist/extension.js
[2021-10-29 12:36:30.755] [exthost] [info] eager extensions activated
[2021-10-29 12:36:30.758] [exthost] [info] ExtensionService#_doActivateExtension ms-vscode.js-debug, startup: false, activationEvent: 'onCommand:extension.js-debug.clearAutoAttachVariables'
[2021-10-29 12:36:30.758] [exthost] [info] ExtensionService#loadCommonJSModule file:///usr/lib/code-oss/resources/app/extensions/ms-vscode.js-debug/src/extension.js
[2021-10-29 12:36:30.945] [exthost] [info] ExtensionService#_doActivateExtension vscode.emmet, startup: false, activationEvent: 'onStartupFinished'
[2021-10-29 12:36:30.945] [exthost] [info] ExtensionService#loadCommonJSModule file:///usr/lib/code-oss/resources/app/extensions/emmet/dist/node/emmetNodeMain
[2021-10-29 12:36:30.958] [exthost] [info] ExtensionService#_doActivateExtension vscode.merge-conflict, startup: false, activationEvent: 'onStartupFinished'
[2021-10-29 12:36:30.958] [exthost] [info] ExtensionService#loadCommonJSModule file:///usr/lib/code-oss/resources/app/extensions/merge-conflict/dist/mergeConflictMain
[2021-10-29 12:36:45.090] [exthost] [info] ExtensionService#_doActivateExtension vscode.configuration-editing, startup: false, activationEvent: 'onLanguage:jsonc'
[2021-10-29 12:36:45.090] [exthost] [info] ExtensionService#loadCommonJSModule file:///usr/lib/code-oss/resources/app/extensions/configuration-editing/dist/configurationEditingMain
[2021-10-29 12:36:45.100] [exthost] [info] ExtensionService#_doActivateExtension vscode.json-language-features, startup: false, activationEvent: 'onLanguage:jsonc'
[2021-10-29 12:36:45.100] [exthost] [info] ExtensionService#loadCommonJSModule file:///usr/lib/code-oss/resources/app/extensions/json-language-features/client/dist/node/jsonClientMain
[2021-10-29 12:36:45.153] [exthost] [info] ExtensionService#_doActivateExtension vscode.typescript-language-features, startup: false, activationEvent: 'onLanguage:jsonc'
[2021-10-29 12:36:45.153] [exthost] [info] ExtensionService#loadCommonJSModule file:///usr/lib/code-oss/resources/app/extensions/typescript-language-features/dist/extension
[2021-10-29 12:43:02.015] [exthost] [info] extension host terminating: renderer closed the socket
[2021-10-29 12:43:03.033] [exthost] [info] exiting with code 0
