[2021-10-29 12:51:27.287] [exthost] [info] extension host started
[2021-10-29 12:51:27.411] [exthost] [info] ExtensionService#_doActivateExtension vscode.css-language-features, startup: false, activationEvent: 'onLanguage:css'
[2021-10-29 12:51:27.411] [exthost] [info] ExtensionService#loadCommonJSModule file:///usr/lib/code-oss/resources/app/extensions/css-language-features/client/dist/node/cssClientMain
[2021-10-29 12:51:27.478] [exthost] [info] ExtensionService#_doActivateExtension vscode.emmet, startup: false, activationEvent: 'onLanguage:css'
[2021-10-29 12:51:27.478] [exthost] [info] ExtensionService#loadCommonJSModule file:///usr/lib/code-oss/resources/app/extensions/emmet/dist/node/emmetNodeMain
[2021-10-29 12:51:27.509] [exthost] [info] ExtensionService#_doActivateExtension vscode.debug-auto-launch, startup: true, activationEvent: '*'
[2021-10-29 12:51:27.509] [exthost] [info] ExtensionService#loadCommonJSModule file:///usr/lib/code-oss/resources/app/extensions/debug-auto-launch/dist/extension
[2021-10-29 12:51:27.513] [exthost] [info] ExtensionService#_doActivateExtension vscode.git, startup: true, activationEvent: '*', root cause: vscode.github
[2021-10-29 12:51:27.513] [exthost] [info] ExtensionService#loadCommonJSModule file:///usr/lib/code-oss/resources/app/extensions/git/dist/main
[2021-10-29 12:51:27.686] [exthost] [info] ExtensionService#_doActivateExtension vscode.github, startup: true, activationEvent: '*'
[2021-10-29 12:51:27.686] [exthost] [info] ExtensionService#loadCommonJSModule file:///usr/lib/code-oss/resources/app/extensions/github/dist/extension.js
[2021-10-29 12:51:27.702] [exthost] [info] eager extensions activated
[2021-10-29 12:51:27.703] [exthost] [info] ExtensionService#_doActivateExtension ms-vscode.js-debug, startup: false, activationEvent: 'onCommand:extension.js-debug.clearAutoAttachVariables'
[2021-10-29 12:51:27.703] [exthost] [info] ExtensionService#loadCommonJSModule file:///usr/lib/code-oss/resources/app/extensions/ms-vscode.js-debug/src/extension.js
[2021-10-29 12:51:27.932] [exthost] [info] ExtensionService#_doActivateExtension vscode.merge-conflict, startup: false, activationEvent: 'onStartupFinished'
[2021-10-29 12:51:27.932] [exthost] [info] ExtensionService#loadCommonJSModule file:///usr/lib/code-oss/resources/app/extensions/merge-conflict/dist/mergeConflictMain
[2021-10-29 12:52:31.125] [exthost] [info] ExtensionService#_doActivateExtension naumovs.color-highlight, startup: false, activationEvent: '*'
[2021-10-29 12:52:31.125] [exthost] [info] ExtensionService#loadCommonJSModule file:///home/choamskies/.vscode-oss/extensions/naumovs.color-highlight-2.5.0/dist/extension-node.js
[2021-10-29 13:01:36.641] [exthost] [info] extension host terminating: renderer closed the socket
[2021-10-29 13:01:37.660] [exthost] [info] exiting with code 0
