Validating found git in: git
Using git 2.33.1 from git
> git rev-parse --git-dir
Open repository: /home/choamskies
> git status -z -u
> git symbolic-ref --short HEAD
> git for-each-ref --format=%(refname)%00%(upstream:short)%00%(objectname)%00%(upstream:track) refs/heads/master refs/remotes/master
> git for-each-ref --sort -committerdate --format %(refname) %(objectname) %(*objectname)
> git remote --verbose
Warning: Failed to watch ref '/home/choamskies/.git/refs/remotes/origin/master', is most likely packed.
> git config --get commit.template
> git check-ignore -v -z --stdin
> git show --textconv :.config/x11/xresources
> git ls-files --stage -- /home/choamskies/.config/x11/xresources
> git cat-file -s 611f39ab4a6d43e1cf3291ca32ae27e1e236a272
> git status -z -u
> git symbolic-ref --short HEAD
> git for-each-ref --format=%(refname)%00%(upstream:short)%00%(objectname)%00%(upstream:track) refs/heads/master refs/remotes/master
> git for-each-ref --sort -committerdate --format %(refname) %(objectname) %(*objectname)
> git remote --verbose
Warning: Failed to watch ref '/home/choamskies/.git/refs/remotes/origin/master', is most likely packed.
> git config --get commit.template
